<?xml version="1.0" encoding="UTF-8"?>
<!-- Generated by org.testng.reporters.JUnitReportReporter -->
<testsuite skipped="0" hostname="Abhis-MBP" name="xpaths.ActualXpaths" tests="1" failures="0" timestamp="2020-07-24T08:14:20 AEST" time="27.432" errors="0">
  <testcase name="finding_Link" time="27.432" classname="xpaths.ActualXpaths"/>
  <system-out/>
</testsuite> <!-- xpaths.ActualXpaths -->
