<?xml version="1.0" encoding="UTF-8"?>
<!-- Generated by org.testng.reporters.JUnitReportReporter -->
<testsuite hostname="DESKTOP-0EGVAJJ" failures="0" tests="1" name="E2EFramework.validateNavigationBar" time="2.750" errors="0" timestamp="2020-09-23T11:40:16 IST" skipped="0">
  <testcase classname="E2EFramework.validateNavigationBar" name="validateAppNavBar" time="2.750"/>
  <system-out/>
</testsuite> <!-- E2EFramework.validateNavigationBar -->
