<?xml version="1.0" encoding="UTF-8"?>
<!-- Generated by org.testng.reporters.JUnitReportReporter -->
<testsuite hostname="DESKTOP-0EGVAJJ" failures="0" tests="2" name="E2EFramework.Homepage" time="41.711" errors="0" timestamp="2020-09-23T11:40:16 IST" skipped="0">
  <testcase classname="E2EFramework.Homepage" name="basePageNavigation" time="9.068"/>
  <system-out/>
  <testcase classname="E2EFramework.Homepage" name="basePageNavigation" time="32.643"/>
  <system-out/>
</testsuite> <!-- E2EFramework.Homepage -->
