<?xml version="1.0" encoding="UTF-8"?>
<!-- Generated by org.testng.reporters.JUnitReportReporter -->
<testsuite skipped="0" hostname="LAPTOP-SGMUKH44" name="Demos.WindowHandling_Class" tests="1" failures="0" timestamp="2020-06-17T13:20:09 IST" time="15.828" errors="0">
  <testcase name="handlingwindows" time="15.828" classname="Demos.WindowHandling_Class"/>
  <system-out/>
</testsuite> <!-- Demos.WindowHandling_Class -->
