<?xml version="1.0" encoding="UTF-8"?>
<!-- Generated by org.testng.reporters.JUnitReportReporter -->
<testsuite skipped="0" hostname="LAPTOP-SGMUKH44" name="Test.TestCases" tests="3" failures="0" timestamp="2020-06-26T15:10:25 IST" time="72.121" errors="0">
  <testcase name="login" time="27.599" classname="Test.TestCases"/>
  <system-out/>
  <testcase name="getRowCount" time="0.242" classname="Test.TestCases"/>
  <system-out/>
  <testcase name="addquestions" time="44.280" classname="Test.TestCases"/>
  <system-out/>
</testsuite> <!-- Test.TestCases -->
