<?xml version="1.0" encoding="UTF-8"?>
<!-- Generated by org.testng.reporters.JUnitReportReporter -->
<testsuite skipped="0" hostname="LAPTOP-SGMUKH44" name="Demos.AlertClass" tests="1" failures="0" timestamp="2020-06-17T12:02:12 IST" time="11.686" errors="0">
  <testcase name="AlertHandling" time="11.686" classname="Demos.AlertClass"/>
  <system-out/>
</testsuite> <!-- Demos.AlertClass -->
