<?xml version="1.0" encoding="UTF-8"?>
<!-- Generated by org.testng.reporters.JUnitReportReporter -->
<testsuite skipped="0" hostname="LAPTOP-SGMUKH44" name="Demos.MouseActions" tests="1" failures="0" timestamp="2020-06-17T13:20:09 IST" time="37.353" errors="0">
  <testcase name="performingMouseActions" time="37.353" classname="Demos.MouseActions"/>
  <system-out/>
</testsuite> <!-- Demos.MouseActions -->
