<?xml version="1.0" encoding="UTF-8"?>
<!-- Generated by org.testng.reporters.JUnitReportReporter -->
<testsuite skipped="0" hostname="LAPTOP-SGMUKH44" name="Demos.MouseActions" tests="1" failures="0" timestamp="2020-06-17T12:12:45 IST" time="15.703" errors="0">
  <testcase name="performingMouseActions" time="15.703" classname="Demos.MouseActions"/>
  <system-out/>
</testsuite> <!-- Demos.MouseActions -->
