<?xml version="1.0" encoding="UTF-8"?>
<!-- Generated by org.testng.reporters.JUnitReportReporter -->
<testsuite skipped="0" hostname="LAPTOP-SGMUKH44" name="Demos.Frames" tests="1" failures="0" timestamp="2020-06-17T13:20:09 IST" time="16.625" errors="0">
  <testcase name="handlingFrames" time="16.625" classname="Demos.Frames"/>
  <system-out/>
</testsuite> <!-- Demos.Frames -->
