<?xml version="1.0" encoding="UTF-8"?>
<!-- Generated by org.testng.reporters.JUnitReportReporter -->
<testsuite skipped="0" hostname="LAPTOP-SGMUKH44" name="Test.TestCases" tests="3" failures="0" timestamp="2020-07-08T13:30:39 IST" time="54.256" errors="0">
  <testcase name="login" time="14.800" classname="Test.TestCases"/>
  <system-out/>
  <testcase name="getRowCount" time="0.046" classname="Test.TestCases"/>
  <system-out/>
  <testcase name="addquestions" time="39.410" classname="Test.TestCases"/>
  <system-out/>
</testsuite> <!-- Test.TestCases -->
