<?xml version="1.0" encoding="UTF-8"?>
<!-- Generated by org.testng.reporters.JUnitReportReporter -->
<testsuite skipped="0" hostname="LAPTOP-SGMUKH44" name="Demos.WindowHandling" tests="1" failures="0" timestamp="2020-06-17T11:38:24 IST" time="12.781" errors="0">
  <testcase name="handlingwindows" time="12.781" classname="Demos.WindowHandling"/>
  <system-out/>
</testsuite> <!-- Demos.WindowHandling -->
