<?xml version="1.0" encoding="UTF-8"?>
<!-- Generated by org.testng.reporters.JUnitReportReporter -->
<testsuite skipped="0" hostname="LAPTOP-SGMUKH44" name="Executionengine.DriverScript" tests="1" failures="0" timestamp="2020-06-19T10:49:54 IST" time="29.229" errors="0">
  <testcase name="TestCaseExecution" time="29.229" classname="Executionengine.DriverScript"/>
  <system-out/>
</testsuite> <!-- Executionengine.DriverScript -->
