<?xml version="1.0" encoding="UTF-8"?>
<!-- Generated by org.testng.reporters.JUnitReportReporter -->
<testsuite hostname="Administer-PC" failures="0" tests="1" name="com.herokuapp.theinternet.DropdownTest" time="8.951" errors="0" timestamp="2020-07-06T22:20:00 IST" skipped="0">
  <testcase classname="com.herokuapp.theinternet.DropdownTest" name="Dropdown" time="8.951"/>
  <system-out/>
</testsuite> <!-- com.herokuapp.theinternet.DropdownTest -->
