<?xml version="1.0" encoding="UTF-8"?>
<!-- Generated by org.testng.reporters.JUnitReportReporter -->
<testsuite hostname="Administer-PC" failures="0" tests="1" name="com.herokuapp.theinternet.HoversTest" time="9.654" errors="0" timestamp="2020-07-06T22:20:00 IST" skipped="0">
  <testcase classname="com.herokuapp.theinternet.HoversTest" name="Hovers" time="9.654"/>
  <system-out/>
</testsuite> <!-- com.herokuapp.theinternet.HoversTest -->
