<?xml version="1.0" encoding="UTF-8"?>
<!-- Generated by org.testng.reporters.JUnitReportReporter -->
<testsuite hostname="Administer-PC" failures="0" tests="1" name="com.herokuapp.theinternet.DynamicControlsTest" time="36.250" errors="0" timestamp="2020-06-07T00:19:06 IST" skipped="0">
  <testcase classname="com.herokuapp.theinternet.DynamicControlsTest" name="dynamiccontrols" time="36.250"/>
  <system-out/>
</testsuite> <!-- com.herokuapp.theinternet.DynamicControlsTest -->
