<?xml version="1.0" encoding="UTF-8"?>
<!-- Generated by org.testng.reporters.JUnitReportReporter -->
<testsuite hostname="Administer-PC" failures="0" tests="4" name="com.herokuapp.theinternet.NegativeLoginTest" time="45.212" errors="0" timestamp="2020-07-06T22:20:00 IST" skipped="0">
  <testcase classname="com.herokuapp.theinternet.NegativeLoginTest" name="NegativeLogin" time="11.223"/>
  <system-out/>
  <testcase classname="com.herokuapp.theinternet.NegativeLoginTest" name="NegativeLogin" time="11.548"/>
  <system-out/>
  <testcase classname="com.herokuapp.theinternet.NegativeLoginTest" name="NegativeLogin" time="10.856"/>
  <system-out/>
  <testcase classname="com.herokuapp.theinternet.NegativeLoginTest" name="NegativeLogin" time="11.585"/>
  <system-out/>
</testsuite> <!-- com.herokuapp.theinternet.NegativeLoginTest -->
