<?xml version="1.0" encoding="UTF-8"?>
<!-- Generated by org.testng.reporters.JUnitReportReporter -->
<testsuite hostname="Administer-PC" failures="0" tests="1" name="com.herokuapp.theinternet.NewWindowsTest" time="163.510" errors="0" timestamp="2020-06-26T21:10:33 IST" skipped="0">
  <testcase classname="com.herokuapp.theinternet.NewWindowsTest" name="NewWindows" time="163.510"/>
  <system-out/>
</testsuite> <!-- com.herokuapp.theinternet.NewWindowsTest -->
