<?xml version="1.0" encoding="UTF-8"?>
<!-- Generated by org.testng.reporters.JUnitReportReporter -->
<testsuite hostname="Administer-PC" failures="0" tests="1" name="com.herokuapp.theinternet.EditorTest" time="21.363" errors="0" timestamp="2020-06-14T18:58:06 IST" skipped="0">
  <testcase classname="com.herokuapp.theinternet.EditorTest" name="EditorTest" time="21.363"/>
  <system-out/>
</testsuite> <!-- com.herokuapp.theinternet.EditorTest -->
