<?xml version="1.0" encoding="UTF-8"?>
<!-- Generated by org.testng.reporters.JUnitReportReporter -->
<testsuite hostname="Administer-PC" failures="0" tests="1" name="com.herokuapp.theinternet.DragandDropTest" time="11.406" errors="0" timestamp="2020-06-14T20:39:33 IST" skipped="0">
  <testcase classname="com.herokuapp.theinternet.DragandDropTest" name="DragandDropTest" time="11.406"/>
  <system-out/>
</testsuite> <!-- com.herokuapp.theinternet.DragandDropTest -->
