<?xml version="1.0" encoding="UTF-8"?>
<!-- Generated by org.testng.reporters.JUnitReportReporter -->
<testsuite hostname="Administer-PC" failures="0" tests="1" name="com.herokuapp.theinternet.HorizontalSliderTest" time="51.474" errors="0" timestamp="2020-06-26T21:05:33 IST" skipped="0">
  <testcase classname="com.herokuapp.theinternet.HorizontalSliderTest" name="HorizontalSlider" time="51.474"/>
  <system-out/>
</testsuite> <!-- com.herokuapp.theinternet.HorizontalSliderTest -->
