<?xml version="1.0" encoding="UTF-8"?>
<!-- Generated by org.testng.reporters.JUnitReportReporter -->
<testsuite hostname="Administer-PC" failures="0" tests="1" name="com.herokuapp.theinternet.EditorTest" time="44.118" errors="0" timestamp="2020-06-26T21:04:07 IST" skipped="0">
  <testcase classname="com.herokuapp.theinternet.EditorTest" name="Editor" time="44.118"/>
  <system-out/>
</testsuite> <!-- com.herokuapp.theinternet.EditorTest -->
