<?xml version="1.0" encoding="UTF-8"?>
<!-- Generated by org.testng.reporters.JUnitReportReporter -->
<testsuite hostname="Administer-PC" failures="0" tests="3" name="com.herokuapp.theinternet.UploadTest" time="37.672" errors="0" timestamp="2020-07-06T22:20:00 IST" skipped="0">
  <testcase classname="com.herokuapp.theinternet.UploadTest" name="Upload" time="13.022"/>
  <system-out/>
  <testcase classname="com.herokuapp.theinternet.UploadTest" name="Upload" time="10.577"/>
  <system-out/>
  <testcase classname="com.herokuapp.theinternet.UploadTest" name="Upload" time="14.073"/>
  <system-out/>
</testsuite> <!-- com.herokuapp.theinternet.UploadTest -->
