<?xml version="1.0" encoding="UTF-8"?>
<!-- Generated by org.testng.reporters.JUnitReportReporter -->
<testsuite hostname="Administer-PC" failures="0" tests="1" name="com.herokuapp.theinternet.DropdownTest" time="13.336" errors="0" timestamp="2020-06-07T00:19:25 IST" skipped="0">
  <testcase classname="com.herokuapp.theinternet.DropdownTest" name="Dropdown" time="13.336"/>
  <system-out/>
</testsuite> <!-- com.herokuapp.theinternet.DropdownTest -->
