<?xml version="1.0" encoding="UTF-8"?>
<!-- Generated by org.testng.reporters.JUnitReportReporter -->
<testsuite hostname="Administer-PC" failures="0" tests="1" name="com.herokuapp.theinternet.DynamicControls" time="12.170" errors="0" timestamp="17 May 2020 10:34:16 GMT" skipped="0">
  <testcase classname="com.herokuapp.theinternet.DynamicControls" name="dynamicControls" time="12.170"/>
</testsuite> <!-- com.herokuapp.theinternet.DynamicControls -->
