<?xml version="1.0" encoding="UTF-8"?>
<!-- Generated by org.testng.reporters.JUnitReportReporter -->
<testsuite hostname="Administer-PC" failures="0" tests="1" name="com.herokuapp.theinternet.DynamicLoadingTest" time="16.232" errors="0" timestamp="2020-06-01T23:00:37 IST" skipped="0">
  <testcase classname="com.herokuapp.theinternet.DynamicLoadingTest" name="dynamicLoading" time="16.232"/>
  <system-out/>
</testsuite> <!-- com.herokuapp.theinternet.DynamicLoadingTest -->
