<?xml version="1.0" encoding="UTF-8"?>
<!-- Generated by org.testng.reporters.JUnitReportReporter -->
<testsuite hostname="Administer-PC" failures="0" tests="1" name="com.herokuapp.theinternet.KeyPressesTest" time="38.684" errors="0" timestamp="2020-06-26T21:07:28 IST" skipped="0">
  <testcase classname="com.herokuapp.theinternet.KeyPressesTest" name="KeyPresses" time="38.684"/>
  <system-out/>
</testsuite> <!-- com.herokuapp.theinternet.KeyPressesTest -->
