<?xml version="1.0" encoding="UTF-8"?>
<!-- Generated by org.testng.reporters.JUnitReportReporter -->
<testsuite hostname="Administer-PC" failures="0" tests="3" name="com.herokuapp.theinternet.UploadTest" time="231.864" errors="0" timestamp="2020-06-26T21:14:34 IST" skipped="0">
  <testcase classname="com.herokuapp.theinternet.UploadTest" name="Upload" time="76.147"/>
  <system-out/>
  <testcase classname="com.herokuapp.theinternet.UploadTest" name="Upload" time="85.653"/>
  <system-out/>
  <testcase classname="com.herokuapp.theinternet.UploadTest" name="Upload" time="70.064"/>
  <system-out/>
</testsuite> <!-- com.herokuapp.theinternet.UploadTest -->
