<?xml version="1.0" encoding="UTF-8"?>
<!-- Generated by org.testng.reporters.JUnitReportReporter -->
<testsuite hostname="Administer-PC" failures="0" tests="1" name="com.herokuapp.theinternet.CheckboxesTest" time="11.801" errors="0" timestamp="2020-06-07T00:19:47 IST" skipped="0">
  <testcase classname="com.herokuapp.theinternet.CheckboxesTest" name="Checkboxes" time="11.801"/>
  <system-out/>
</testsuite> <!-- com.herokuapp.theinternet.CheckboxesTest -->
