<?xml version="1.0" encoding="UTF-8"?>
<!-- Generated by org.testng.reporters.JUnitReportReporter -->
<testsuite hostname="Administer-PC" failures="0" tests="3" name="com.herokuapp.theinternet.LoginTest" time="98.457" errors="0" timestamp="2020-05-27T22:31:00 IST" skipped="0">
  <testcase classname="com.herokuapp.theinternet.LoginTest" name="loginFunction" time="33.292"/>
  <system-out/>
  <testcase classname="com.herokuapp.theinternet.LoginTest" name="loginFunction" time="32.056"/>
  <system-out/>
  <testcase classname="com.herokuapp.theinternet.LoginTest" name="loginFunction" time="33.109"/>
  <system-out/>
</testsuite> <!-- com.herokuapp.theinternet.LoginTest -->
