<?xml version="1.0" encoding="UTF-8"?>
<!-- Generated by org.testng.reporters.JUnitReportReporter -->
<testsuite hostname="Administer-PC" failures="0" tests="1" name="com.herokuapp.theinternet.HoversTest" time="41.747" errors="0" timestamp="2020-06-26T21:06:38 IST" skipped="0">
  <testcase classname="com.herokuapp.theinternet.HoversTest" name="Hovers" time="41.747"/>
  <system-out/>
</testsuite> <!-- com.herokuapp.theinternet.HoversTest -->
