<?xml version="1.0" encoding="UTF-8"?>
<!-- Generated by org.testng.reporters.JUnitReportReporter -->
<testsuite hostname="Administer-PC" failures="0" tests="3" name="com.herokuapp.theinternet.LoginTest" time="85.508" errors="0" timestamp="2020-06-07T00:18:19 IST" skipped="0">
  <testcase classname="com.herokuapp.theinternet.LoginTest" name="loginFunction" time="25.070"/>
  <system-out/>
  <testcase classname="com.herokuapp.theinternet.LoginTest" name="loginFunction" time="24.641"/>
  <system-out/>
  <testcase classname="com.herokuapp.theinternet.LoginTest" name="loginFunction" time="35.797"/>
  <system-out/>
</testsuite> <!-- com.herokuapp.theinternet.LoginTest -->
