<?xml version="1.0" encoding="UTF-8"?>
<!-- Generated by org.testng.reporters.JUnitReportReporter -->
<testsuite hostname="Administer-PC" failures="0" tests="1" name="com.herokuapp.theinternet.dynamic.DynamicLoading" time="17.366" errors="0" timestamp="2020-05-17T17:08:07 IST" skipped="0">
  <testcase classname="com.herokuapp.theinternet.dynamic.DynamicLoading" name="dynamicLoad" time="17.366"/>
  <system-out/>
</testsuite> <!-- com.herokuapp.theinternet.dynamic.DynamicLoading -->
