<?xml version="1.0" encoding="UTF-8"?>
<!-- Generated by org.testng.reporters.JUnitReportReporter -->
<testsuite hostname="Administer-PC" failures="0" tests="1" name="com.herokuapp.theinternet.dynamic.DynamicControls" time="13.831" errors="0" timestamp="2020-05-17T17:07:26 IST" skipped="0">
  <testcase classname="com.herokuapp.theinternet.dynamic.DynamicControls" name="dynamicControls" time="13.831"/>
  <system-out/>
</testsuite> <!-- com.herokuapp.theinternet.dynamic.DynamicControls -->
