<?xml version="1.0" encoding="UTF-8"?>
<!-- Generated by org.testng.reporters.JUnitReportReporter -->
<testsuite hostname="Administer-PC" failures="0" tests="1" name="com.herokuapp.theinternet.NewWindowsTest" time="12.787" errors="0" timestamp="2020-06-07T22:41:21 IST" skipped="0">
  <testcase classname="com.herokuapp.theinternet.NewWindowsTest" name="NewWindowsTest" time="12.787"/>
  <system-out/>
</testsuite> <!-- com.herokuapp.theinternet.NewWindowsTest -->
