<?xml version="1.0" encoding="UTF-8"?>
<!-- Generated by org.testng.reporters.JUnitReportReporter -->
<testsuite hostname="Administer-PC" failures="0" tests="1" name="com.herokuapp.theinternet.NewWindowsTest" time="10.684" errors="0" timestamp="2020-07-06T22:20:00 IST" skipped="0">
  <testcase classname="com.herokuapp.theinternet.NewWindowsTest" name="NewWindows" time="10.684"/>
  <system-out/>
</testsuite> <!-- com.herokuapp.theinternet.NewWindowsTest -->
