<?xml version="1.0" encoding="UTF-8"?>
<!-- Generated by org.testng.reporters.JUnitReportReporter -->
<testsuite hostname="Administer-PC" failures="0" tests="1" name="com.herokuapp.theinternet.HoversTest" time="12.457" errors="0" timestamp="2020-06-14T21:50:08 IST" skipped="0">
  <testcase classname="com.herokuapp.theinternet.HoversTest" name="HoversTest" time="12.457"/>
  <system-out/>
</testsuite> <!-- com.herokuapp.theinternet.HoversTest -->
