<?xml version="1.0" encoding="UTF-8"?>
<!-- Generated by org.testng.reporters.JUnitReportReporter -->
<testsuite hostname="Administer-PC" failures="0" tests="1" name="com.herokuapp.theinternet.UploadTest" time="16.097" errors="0" timestamp="2020-06-14T17:39:07 IST" skipped="0">
  <testcase classname="com.herokuapp.theinternet.UploadTest" name="UploadTest" time="16.097"/>
  <system-out/>
</testsuite> <!-- com.herokuapp.theinternet.UploadTest -->
