<?xml version="1.0" encoding="UTF-8"?>
<!-- Generated by org.testng.reporters.JUnitReportReporter -->
<testsuite hostname="Administer-PC" failures="0" tests="1" name="com.herokuapp.theinternet.DragandDropTest" time="36.949" errors="0" timestamp="2020-06-26T21:01:42 IST" skipped="0">
  <testcase classname="com.herokuapp.theinternet.DragandDropTest" name="DragandDropFunction" time="36.949"/>
  <system-out/>
</testsuite> <!-- com.herokuapp.theinternet.DragandDropTest -->
