<?xml version="1.0" encoding="UTF-8"?>
<!-- Generated by org.testng.reporters.JUnitReportReporter -->
<testsuite hostname="Administer-PC" failures="0" tests="1" name="com.herokuapp.theinternet.DynamicLoading" time="17.547" errors="0" timestamp="17 May 2020 10:33:52 GMT" skipped="0">
  <testcase classname="com.herokuapp.theinternet.DynamicLoading" name="dynamicLoad" time="17.547"/>
</testsuite> <!-- com.herokuapp.theinternet.DynamicLoading -->
