<?xml version="1.0" encoding="UTF-8"?>
<!-- Generated by org.testng.reporters.JUnitReportReporter -->
<testsuite hostname="Administer-PC" failures="0" tests="1" name="com.herokuapp.theinternet.KeyPressesTest" time="8.636" errors="0" timestamp="2020-07-06T22:20:00 IST" skipped="0">
  <testcase classname="com.herokuapp.theinternet.KeyPressesTest" name="KeyPresses" time="8.636"/>
  <system-out/>
</testsuite> <!-- com.herokuapp.theinternet.KeyPressesTest -->
