<?xml version="1.0" encoding="UTF-8"?>
<!-- Generated by org.testng.reporters.JUnitReportReporter -->
<testsuite hostname="Administer-PC" failures="0" tests="1" name="com.herokuapp.theinternet.PositiveLoginTest" time="17.359" errors="0" timestamp="2020-06-27T15:19:15 IST" skipped="0">
  <testcase classname="com.herokuapp.theinternet.PositiveLoginTest" name="PositiveLogin" time="17.359"/>
  <system-out/>
</testsuite> <!-- com.herokuapp.theinternet.PositiveLoginTest -->
