<?xml version="1.0" encoding="UTF-8"?>
<!-- Generated by org.testng.reporters.JUnitReportReporter -->
<testsuite hostname="Administer-PC" failures="0" tests="4" name="com.herokuapp.theinternet.NegativeLoginTest" time="55.316" errors="0" timestamp="2020-06-28T21:53:00 IST" skipped="0">
  <testcase classname="com.herokuapp.theinternet.NegativeLoginTest" name="NegativeLogin" time="13.225"/>
  <system-out/>
  <testcase classname="com.herokuapp.theinternet.NegativeLoginTest" name="NegativeLogin" time="13.066"/>
  <system-out/>
  <testcase classname="com.herokuapp.theinternet.NegativeLoginTest" name="NegativeLogin" time="14.452"/>
  <system-out/>
  <testcase classname="com.herokuapp.theinternet.NegativeLoginTest" name="NegativeLogin" time="14.573"/>
  <system-out/>
</testsuite> <!-- com.herokuapp.theinternet.NegativeLoginTest -->
