<?xml version="1.0" encoding="UTF-8"?>
<!-- Generated by org.testng.reporters.JUnitReportReporter -->
<testsuite skipped="0" hostname="DESKTOP-0EGVAJJ" name="E2EFramework.validateNavigationBar" tests="1" failures="0" timestamp="2020-09-22T22:00:26 IST" time="0.147" errors="0">
  <testcase name="validateAppNavBar" time="0.147" classname="E2EFramework.validateNavigationBar"/>
  <system-out/>
</testsuite> <!-- E2EFramework.validateNavigationBar -->
