<?xml version="1.0" encoding="UTF-8"?>
<!-- Generated by org.testng.reporters.JUnitReportReporter -->
<testsuite skipped="0" hostname="DESKTOP-0EGVAJJ" name="E2EFramework.Homepage" tests="2" failures="0" timestamp="2020-09-23T11:16:52 IST" time="9.987" errors="0">
  <testcase name="basePageNavigation" time="3.743" classname="E2EFramework.Homepage"/>
  <system-out/>
  <testcase name="basePageNavigation" time="6.244" classname="E2EFramework.Homepage"/>
  <system-out/>
</testsuite> <!-- E2EFramework.Homepage -->
